<?xml version="1.0" encoding="UTF-8"?>
<testsuite xmlns:xsi="http://www.w3.org/2001/XMLSchema-instance" xsi:noNamespaceSchemaLocation="https://maven.apache.org/surefire/maven-surefire-plugin/xsd/surefire-test-report-3.0.xsd" version="3.0" name="com.frame.naina.NainaApplicationTests" time="5.633" tests="1" errors="0" skipped="0" failures="0">
  <properties>
[...]
</properties>
  <testcase name="contextLoads" classname="com.frame.naina.NainaApplicationTests" time="1.795">
    <system-out><![CDATA[16:19:54.941 [main] INFO org.springframework.test.context.support.AnnotationConfigContextLoaderUtils -- Could not detect default configuration classes for test class [com.frame.naina.NainaApplicationTests]: NainaApplicationTests does not declare any static, non-private, non-final, nested classes annotated with @Configuration.
16:19:55.086 [main] INFO org.springframework.boot.test.context.SpringBootTestContextBootstrapper -- Found @SpringBootConfiguration com.frame.naina.NainaApplication for test class com.frame.naina.NainaApplicationTests
16:19:55.282 [main] INFO org.springframework.boot.devtools.restart.RestartApplicationListener -- Restart disabled due to context in which it is running

  .   ____          _            __ _ _
 /\\ / ___'_ __ _ _(_)_ __  __ _ \ \ \ \
( ( )\___ | '_ | '_| | '_ \/ _` | \ \ \ \
 \\/  ___)| |_)| | | | | || (_| |  ) ) ) )
  '  |____| .__|_| |_|_| |_\__, | / / / /
 =========|_|==============|___/=/_/_/_/
 :: Spring Boot ::                (v3.1.5)

2024-02-20T16:19:55.811+03:00  WARN 545920 --- [           main] ory$DuplicateJsonObjectContextCustomizer : 

Found multiple occurrences of org.json.JSONObject on the class path:

	jar:file:/home/jaona/.m2/repository/com/vaadin/external/google/android-json/0.0.20131108.vaadin1/android-json-0.0.20131108.vaadin1.jar!/org/json/JSONObject.class
	jar:file:/home/jaona/.m2/repository/org/json/json/20231013/json-20231013.jar!/org/json/JSONObject.class

You may wish to exclude one of them to ensure predictable runtime behavior

2024-02-20T16:19:55.866+03:00  INFO 545920 --- [           main] com.frame.naina.NainaApplicationTests    : Starting NainaApplicationTests using Java 21.0.2 with PID 545920 (started by jaona in /home/jaona/myfiles/Jaona/Naina/Geta)
2024-02-20T16:19:55.869+03:00  INFO 545920 --- [           main] com.frame.naina.NainaApplicationTests    : No active profile set, falling back to 1 default profile: "default"
2024-02-20T16:19:58.391+03:00  INFO 545920 --- [           main] com.frame.naina.NainaApplicationTests    : Started NainaApplicationTests in 3.129 seconds (process running for 4.94)
]]></system-out>
    <system-err><![CDATA[WARNING: A Java agent has been loaded dynamically (/home/jaona/.m2/repository/net/bytebuddy/byte-buddy-agent/1.14.9/byte-buddy-agent-1.14.9.jar)
WARNING: If a serviceability tool is in use, please run with -XX:+EnableDynamicAgentLoading to hide this warning
WARNING: If a serviceability tool is not in use, please run with -Djdk.instrument.traceUsage for more information
WARNING: Dynamic loading of agents will be disallowed by default in a future release
]]></system-err>
  </testcase>
</testsuite>